<?xml version="1.0" encoding="UTF-8"?>
<testng-results ignored="0" total="2" passed="1" failed="1" skipped="0">
  <reporter-output>
  </reporter-output>
  <suite started-at="2024-08-31T07:35:12 ICT" name="All Test Suite" finished-at="2024-08-31T07:35:27 ICT" duration-ms="15423">
    <groups>
    </groups>
    <test started-at="2024-08-31T07:35:12 ICT" name="C:/Users/acer/IdeaProjects/Maven_Project" finished-at="2024-08-31T07:35:27 ICT" duration-ms="15423">
      <class name="testing.parameterization.ParameterExample">
        <test-method is-config="true" signature="beforeMethodForCase(java.lang.String)[pri:0, instance:testing.parameterization.ParameterExample@2a62b5bc]" started-at="2024-08-31T07:35:12 ICT" name="beforeMethodForCase" finished-at="2024-08-31T07:35:15 ICT" duration-ms="3618" status="PASS">
          <params>
            <param index="0">
              <value>
                <![CDATA[firefox]]>
              </value>
            </param>
          </params>
          <reporter-output>
          </reporter-output>
        </test-method> <!-- beforeMethodForCase -->
        <test-method signature="verifyParameterizationCases(java.lang.String,java.lang.String)[pri:0, instance:testing.parameterization.ParameterExample@2a62b5bc]" started-at="2024-08-31T07:35:15 ICT" name="verifyParameterizationCases" finished-at="2024-08-31T07:35:27 ICT" duration-ms="11729" status="PASS">
          <params>
            <param index="0">
              <value>
                <![CDATA[Java]]>
              </value>
            </param>
            <param index="1">
              <value>
                <![CDATA[Pune]]>
              </value>
            </param>
          </params>
          <reporter-output>
          </reporter-output>
        </test-method> <!-- verifyParameterizationCases -->
      </class> <!-- testing.parameterization.ParameterExample -->
      <class name="testing.parameterization.DataProviderWithExcel">
        <test-method signature="verifyDataProviderWithExcel(java.lang.String,java.lang.String)[pri:0, instance:testing.parameterization.DataProviderWithExcel@6995bf68]" started-at="2024-08-31T07:35:27 ICT" name="verifyDataProviderWithExcel" data-provider="test-data" finished-at="2024-08-31T07:35:27 ICT" duration-ms="0" status="FAIL">
          <exception class="java.lang.RuntimeException">
            <message>
              <![CDATA[java.io.FileNotFoundException: "C:\Users\acer\Desktop\EXCEL\DAY_1.xlsx" (The filename, directory name, or volume label syntax is incorrect)]]>
            </message>
            <full-stacktrace>
              <![CDATA[java.lang.RuntimeException: java.io.FileNotFoundException: "C:\Users\acer\Desktop\EXCEL\DAY_1.xlsx" (The filename, directory name, or volume label syntax is incorrect)
at org.testng.internal.invokers.MethodInvocationHelper.invokeMethodNoCheckedException(MethodInvocationHelper.java:58)
at org.testng.internal.invokers.MethodInvocationHelper.invokeDataProvider(MethodInvocationHelper.java:159)
at org.testng.internal.Parameters.handleParameters(Parameters.java:809)
at org.testng.internal.Parameters.handleParameters(Parameters.java:734)
at org.testng.internal.invokers.ParameterHandler.handleParameters(ParameterHandler.java:72)
at org.testng.internal.invokers.ParameterHandler.createParameters(ParameterHandler.java:51)
at org.testng.internal.invokers.TestInvoker$MethodInvocationAgent.invoke(TestInvoker.java:946)
at org.testng.internal.invokers.TestInvoker.invokeTestMethods(TestInvoker.java:203)
at org.testng.internal.invokers.TestMethodWorker.invokeTestMethods(TestMethodWorker.java:154)
at org.testng.internal.invokers.TestMethodWorker.run(TestMethodWorker.java:134)
at java.base/java.util.ArrayList.forEach(ArrayList.java:1511)
at org.testng.TestRunner.privateRun(TestRunner.java:739)
at org.testng.TestRunner.run(TestRunner.java:614)
at org.testng.SuiteRunner.runTest(SuiteRunner.java:421)
at org.testng.SuiteRunner.runSequentially(SuiteRunner.java:413)
at org.testng.SuiteRunner.privateRun(SuiteRunner.java:373)
at org.testng.SuiteRunner.run(SuiteRunner.java:312)
at org.testng.SuiteRunnerWorker.runSuite(SuiteRunnerWorker.java:52)
at org.testng.SuiteRunnerWorker.run(SuiteRunnerWorker.java:95)
at org.testng.TestNG.runSuitesSequentially(TestNG.java:1274)
at org.testng.TestNG.runSuitesLocally(TestNG.java:1208)
at org.testng.TestNG.runSuites(TestNG.java:1112)
at org.testng.TestNG.run(TestNG.java:1079)
at com.intellij.rt.testng.IDEARemoteTestNG.run(IDEARemoteTestNG.java:65)
at com.intellij.rt.testng.RemoteTestNGStarter.main(RemoteTestNGStarter.java:105)
Caused by: java.io.FileNotFoundException: "C:\Users\acer\Desktop\EXCEL\DAY_1.xlsx" (The filename, directory name, or volume label syntax is incorrect)
at java.base/java.io.FileInputStream.open0(Native Method)
at java.base/java.io.FileInputStream.open(FileInputStream.java:216)
at java.base/java.io.FileInputStream.<init>(FileInputStream.java:157)
at java.base/java.io.FileInputStream.<init>(FileInputStream.java:111)
at testing.parameterization.DataProviderWithExcel.getExcelData(DataProviderWithExcel.java:29)
at testing.parameterization.DataProviderWithExcel.dataProviderFun(DataProviderWithExcel.java:23)
at java.base/jdk.internal.reflect.DirectMethodHandleAccessor.invoke(DirectMethodHandleAccessor.java:104)
at java.base/java.lang.reflect.Method.invoke(Method.java:577)
at org.testng.internal.invokers.MethodInvocationHelper.invokeMethod(MethodInvocationHelper.java:141)
at org.testng.internal.invokers.MethodInvocationHelper.invokeMethod(MethodInvocationHelper.java:86)
at org.testng.internal.invokers.MethodInvocationHelper.invokeMethodNoCheckedException(MethodInvocationHelper.java:54)
... 24 more
]]>
            </full-stacktrace>
          </exception> <!-- java.lang.RuntimeException -->
          <reporter-output>
          </reporter-output>
        </test-method> <!-- verifyDataProviderWithExcel -->
      </class> <!-- testing.parameterization.DataProviderWithExcel -->
    </test> <!-- C:/Users/acer/IdeaProjects/Maven_Project -->
  </suite> <!-- All Test Suite -->
</testng-results>
